<?xml version="1.0" encoding="UTF-8"?>
<testsuite xmlns:xsi="http://www.w3.org/2001/XMLSchema-instance" xsi:noNamespaceSchemaLocation="https://maven.apache.org/surefire/maven-surefire-plugin/xsd/surefire-test-report.xsd" version="3.0.2" name="org.lstarrocq.harness.ProtocolTest" time="0.038" tests="6" errors="0" skipped="0" failures="0">
  <properties>
[...]
</properties>
  <testcase name="mqRequestCarriesWord" classname="org.lstarrocq.harness.ProtocolTest" time="0.015"/>
  <testcase name="alphabetArrayParsesInOrder" classname="org.lstarrocq.harness.ProtocolTest" time="0.001"/>
  <testcase name="recognizesDoneAndAck" classname="org.lstarrocq.harness.ProtocolTest" time="0.002"/>
  <testcase name="roundTripsConfig" classname="org.lstarrocq.harness.ProtocolTest" time="0.002"/>
  <testcase name="mqRequestHandlesEmptyWord" classname="org.lstarrocq.harness.ProtocolTest" time="0.001"/>
  <testcase name="eqRequestRoundTripsThroughParseHypothesis" classname="org.lstarrocq.harness.ProtocolTest" time="0.002"/>
</testsuite>