<?xml version="1.0" encoding="UTF-8"?>
<testng-results ignored="0" total="13" passed="13" failed="0" skipped="0">
  <reporter-output>
  </reporter-output>
  <suite started-at="2026-08-18T19:43:34 CDT" name="Surefire suite" finished-at="2026-08-18T19:47:30 CDT" duration-ms="236073">
    <groups>
    </groups>
    <test started-at="2026-08-18T19:43:34 CDT" name="Surefire test" finished-at="2026-08-18T19:47:30 CDT" duration-ms="236073">
      <class name="de.learnlib.testsupport.it.learner.UniversalDeterministicLearnerITCase">
        <test-method signature="testLearning()[pri:0, instance:de.learnlib.testsupport.it.learner.UniversalDeterministicLearnerITCase@14dd9eb7, instance params:[]]" started-at="2026-08-18T19:43:34 CDT" name="testLearning" test-instance-name="OCamlLearningAlgorithm[lstar-rocq]/ExampleTinyDFA" finished-at="2026-08-18T19:43:34 CDT" duration-ms="90" status="PASS">
          <reporter-output>
          </reporter-output>
        </test-method> <!-- testLearning -->
        <test-method signature="testLearning()[pri:0, instance:de.learnlib.testsupport.it.learner.UniversalDeterministicLearnerITCase@1a451d4d, instance params:[]]" started-at="2026-08-18T19:43:34 CDT" name="testLearning" test-instance-name="OCamlLearningAlgorithm[kv-rocq]/ExampleKeylock" finished-at="2026-08-18T19:44:32 CDT" duration-ms="58808" status="PASS">
          <reporter-output>
          </reporter-output>
        </test-method> <!-- testLearning -->
        <test-method signature="testLearning()[pri:0, instance:de.learnlib.testsupport.it.learner.UniversalDeterministicLearnerITCase@1d9b7cce, instance params:[]]" started-at="2026-08-18T19:44:32 CDT" name="testLearning" test-instance-name="OCamlLearningAlgorithm[ttt-rocq]/ExampleTinyDFA" finished-at="2026-08-18T19:44:32 CDT" duration-ms="16" status="PASS">
          <reporter-output>
          </reporter-output>
        </test-method> <!-- testLearning -->
        <test-method signature="testLearning()[pri:0, instance:de.learnlib.testsupport.it.learner.UniversalDeterministicLearnerITCase@384ad17b, instance params:[]]" started-at="2026-08-18T19:44:32 CDT" name="testLearning" test-instance-name="OCamlLearningAlgorithm[ttt-rocq]/ExampleAngluin" finished-at="2026-08-18T19:44:32 CDT" duration-ms="11" status="PASS">
          <reporter-output>
          </reporter-output>
        </test-method> <!-- testLearning -->
        <test-method signature="testLearning()[pri:0, instance:de.learnlib.testsupport.it.learner.UniversalDeterministicLearnerITCase@42e99e4a, instance params:[]]" started-at="2026-08-18T19:44:32 CDT" name="testLearning" test-instance-name="OCamlLearningAlgorithm[lstar-rocq]/ExamplePaulAndMary" finished-at="2026-08-18T19:44:33 CDT" duration-ms="56" status="PASS">
          <reporter-output>
          </reporter-output>
        </test-method> <!-- testLearning -->
        <test-method signature="testLearning()[pri:0, instance:de.learnlib.testsupport.it.learner.UniversalDeterministicLearnerITCase@441772e, instance params:[]]" started-at="2026-08-18T19:44:33 CDT" name="testLearning" test-instance-name="OCamlLearningAlgorithm[ttt-rocq]/ExampleKeylock" finished-at="2026-08-18T19:45:31 CDT" duration-ms="58676" status="PASS">
          <reporter-output>
          </reporter-output>
        </test-method> <!-- testLearning -->
        <test-method signature="testLearning()[pri:0, instance:de.learnlib.testsupport.it.learner.UniversalDeterministicLearnerITCase@4d9e68d0, instance params:[]]" started-at="2026-08-18T19:45:31 CDT" name="testLearning" test-instance-name="OCamlLearningAlgorithm[lstar-rocq]/ExampleAngluin" finished-at="2026-08-18T19:45:31 CDT" duration-ms="20" status="PASS">
          <reporter-output>
          </reporter-output>
        </test-method> <!-- testLearning -->
        <test-method signature="testLearning()[pri:0, instance:de.learnlib.testsupport.it.learner.UniversalDeterministicLearnerITCase@52e6fdee, instance params:[]]" started-at="2026-08-18T19:45:31 CDT" name="testLearning" test-instance-name="OCamlLearningAlgorithm[kv-rocq]/ExampleAngluin" finished-at="2026-08-18T19:45:31 CDT" duration-ms="9" status="PASS">
          <reporter-output>
          </reporter-output>
        </test-method> <!-- testLearning -->
        <test-method signature="testLearning()[pri:0, instance:de.learnlib.testsupport.it.learner.UniversalDeterministicLearnerITCase@61862a7f, instance params:[]]" started-at="2026-08-18T19:45:31 CDT" name="testLearning" test-instance-name="OCamlLearningAlgorithm[ttt-rocq]/ExamplePaulAndMary" finished-at="2026-08-18T19:45:31 CDT" duration-ms="15" status="PASS">
          <reporter-output>
          </reporter-output>
        </test-method> <!-- testLearning -->
        <test-method signature="testLearning()[pri:0, instance:de.learnlib.testsupport.it.learner.UniversalDeterministicLearnerITCase@62150f9e, instance params:[]]" started-at="2026-08-18T19:45:31 CDT" name="testLearning" test-instance-name="OCamlLearningAlgorithm[kv-rocq]/ExampleKeylock" finished-at="2026-08-18T19:46:29 CDT" duration-ms="57708" status="PASS">
          <reporter-output>
          </reporter-output>
        </test-method> <!-- testLearning -->
        <test-method signature="testLearning()[pri:0, instance:de.learnlib.testsupport.it.learner.UniversalDeterministicLearnerITCase@6c80d78a, instance params:[]]" started-at="2026-08-18T19:46:29 CDT" name="testLearning" test-instance-name="OCamlLearningAlgorithm[kv-rocq]/ExamplePaulAndMary" finished-at="2026-08-18T19:46:29 CDT" duration-ms="18" status="PASS">
          <reporter-output>
          </reporter-output>
        </test-method> <!-- testLearning -->
        <test-method signature="testLearning()[pri:0, instance:de.learnlib.testsupport.it.learner.UniversalDeterministicLearnerITCase@7334aada, instance params:[]]" started-at="2026-08-18T19:46:29 CDT" name="testLearning" test-instance-name="OCamlLearningAlgorithm[ttt-rocq]/ExampleKeylock" finished-at="2026-08-18T19:47:30 CDT" duration-ms="60607" status="PASS">
          <reporter-output>
          </reporter-output>
        </test-method> <!-- testLearning -->
        <test-method signature="testLearning()[pri:0, instance:de.learnlib.testsupport.it.learner.UniversalDeterministicLearnerITCase@7fa98a66, instance params:[]]" started-at="2026-08-18T19:47:30 CDT" name="testLearning" test-instance-name="OCamlLearningAlgorithm[kv-rocq]/ExampleTinyDFA" finished-at="2026-08-18T19:47:30 CDT" duration-ms="14" status="PASS">
          <reporter-output>
          </reporter-output>
        </test-method> <!-- testLearning -->
      </class> <!-- de.learnlib.testsupport.it.learner.UniversalDeterministicLearnerITCase -->
    </test> <!-- Surefire test -->
  </suite> <!-- Surefire suite -->
</testng-results>
